<?xml version="1.0" encoding="UTF-8"?>
<!-- Generated by org.testng.reporters.JUnitXMLReporter -->
<testsuite hostname="MLBTA-101754" failures="0" tests="3" name="Test" time="54.358" errors="0" timestamp="20 Sep 2019 08:40:02 GMT">
  <testcase classname="DemoSiteLogin.HandleWindows1" name="test" time="5.496"/>
  <testcase classname="DemoSiteLogin.HandleWindows1" name="test1" time="35.779"/>
  <testcase classname="DemoSiteLogin.DemoSiteLogin" name="test" time="4.248"/>
</testsuite> <!-- Test -->
