<?xml version="1.0" encoding="UTF-8"?>
<testng-results total="3" passed="3" failed="0" skipped="0">
  <reporter-output>
  </reporter-output>
  <suite started-at="2019-09-20T08:39:07Z" name="Suite" finished-at="2019-09-20T08:40:02Z" duration-ms="54358">
    <groups>
    </groups>
    <test started-at="2019-09-20T08:39:07Z" name="Test" finished-at="2019-09-20T08:40:02Z" duration-ms="54358">
      <class name="DemoSiteLogin.HandleWindows1">
        <test-method is-config="true" signature="setup()[pri:0, instance:DemoSiteLogin.HandleWindows1@15d9bc04]" started-at="2019-09-20T14:09:07Z" name="setup" finished-at="2019-09-20T14:09:12Z" duration-ms="4956" status="PASS">
          <reporter-output>
          </reporter-output>
        </test-method> <!-- setup -->
        <test-method signature="test()[pri:0, instance:DemoSiteLogin.HandleWindows1@15d9bc04]" started-at="2019-09-20T14:09:12Z" name="test" finished-at="2019-09-20T14:09:18Z" duration-ms="5496" status="PASS">
          <reporter-output>
          </reporter-output>
        </test-method> <!-- test -->
        <test-method signature="test1()[pri:0, instance:DemoSiteLogin.HandleWindows1@15d9bc04]" started-at="2019-09-20T14:09:18Z" name="test1" finished-at="2019-09-20T14:09:54Z" duration-ms="35779" status="PASS">
          <reporter-output>
          </reporter-output>
        </test-method> <!-- test1 -->
        <test-method is-config="true" signature="teardown()[pri:0, instance:DemoSiteLogin.HandleWindows1@15d9bc04]" started-at="2019-09-20T14:09:54Z" name="teardown" finished-at="2019-09-20T14:09:54Z" duration-ms="699" status="PASS">
          <reporter-output>
          </reporter-output>
        </test-method> <!-- teardown -->
      </class> <!-- DemoSiteLogin.HandleWindows1 -->
      <class name="DemoSiteLogin.DemoSiteLogin">
        <test-method is-config="true" signature="setup()[pri:0, instance:DemoSiteLogin.DemoSiteLogin@473b46c3]" started-at="2019-09-20T14:09:54Z" name="setup" finished-at="2019-09-20T14:09:57Z" duration-ms="2503" status="PASS">
          <reporter-output>
          </reporter-output>
        </test-method> <!-- setup -->
        <test-method signature="test()[pri:0, instance:DemoSiteLogin.DemoSiteLogin@473b46c3]" started-at="2019-09-20T14:09:57Z" name="test" finished-at="2019-09-20T14:10:01Z" duration-ms="4248" status="PASS">
          <reporter-output>
          </reporter-output>
        </test-method> <!-- test -->
        <test-method is-config="true" signature="teardown()[pri:0, instance:DemoSiteLogin.DemoSiteLogin@473b46c3]" started-at="2019-09-20T14:10:01Z" name="teardown" finished-at="2019-09-20T14:10:02Z" duration-ms="645" status="PASS">
          <reporter-output>
          </reporter-output>
        </test-method> <!-- teardown -->
      </class> <!-- DemoSiteLogin.DemoSiteLogin -->
    </test> <!-- Test -->
  </suite> <!-- Suite -->
</testng-results>
